{"/home/dariel/Projects/sis_freq_back/src/app.ts": {"path":"/home/dariel/Projects/sis_freq_back/src/app.ts","statementMap":{"0":{"start":{"line":6,"column":12},"end":{"line":6,"column":21}},"1":{"start":{"line":8,"column":0},"end":{"line":8,"column":16}},"2":{"start":{"line":9,"column":0},"end":{"line":9,"column":27}},"3":{"start":{"line":10,"column":0},"end":{"line":10,"column":52}},"4":{"start":{"line":12,"column":0},"end":{"line":12,"column":26}}},"fnMap":{},"branchMap":{},"s":{"0":5,"1":5,"2":5,"3":5,"4":5},"f":{},"b":{},"_coverageSchema":"1a1c01bbd47fc00a2c39e90264f33305004495a9","hash":"f3006b3f37fd54a145d02311170d5121b78dd529"}
,"/home/dariel/Projects/sis_freq_back/src/errors.ts": {"path":"/home/dariel/Projects/sis_freq_back/src/errors.ts","statementMap":{"0":{"start":{"line":1,"column":0},"end":{"line":1,"column":27}},"1":{"start":{"line":4,"column":2},"end":{"line":6,"column":3}},"2":{"start":{"line":5,"column":4},"end":{"line":5,"column":21}},"3":{"start":{"line":7,"column":2},"end":{"line":15,"column":3}},"4":{"start":{"line":8,"column":4},"end":{"line":8,"column":43}},"5":{"start":{"line":9,"column":9},"end":{"line":15,"column":3}},"6":{"start":{"line":10,"column":4},"end":{"line":10,"column":27}},"7":{"start":{"line":11,"column":9},"end":{"line":15,"column":3}},"8":{"start":{"line":12,"column":4},"end":{"line":12,"column":27}},"9":{"start":{"line":14,"column":4},"end":{"line":14,"column":27}},"10":{"start":{"line":19,"column":2},"end":{"line":22,"column":3}},"11":{"start":{"line":20,"column":4},"end":{"line":20,"column":27}},"12":{"start":{"line":21,"column":4},"end":{"line":21,"column":16}},"13":{"start":{"line":23,"column":2},"end":{"line":23,"column":15}}},"fnMap":{"0":{"name":"trataErr","decl":{"start":{"line":3,"column":16},"end":{"line":3,"column":24}},"loc":{"start":{"line":3,"column":45},"end":{"line":16,"column":1}},"line":3},"1":{"name":"requisicaoRuim","decl":{"start":{"line":18,"column":16},"end":{"line":18,"column":30}},"loc":{"start":{"line":18,"column":60},"end":{"line":24,"column":1}},"line":18}},"branchMap":{"0":{"loc":{"start":{"line":4,"column":2},"end":{"line":6,"column":3}},"type":"if","locations":[{"start":{"line":4,"column":2},"end":{"line":6,"column":3}},{"start":{},"end":{}}],"line":4},"1":{"loc":{"start":{"line":7,"column":2},"end":{"line":15,"column":3}},"type":"if","locations":[{"start":{"line":7,"column":2},"end":{"line":15,"column":3}},{"start":{"line":9,"column":9},"end":{"line":15,"column":3}}],"line":7},"2":{"loc":{"start":{"line":9,"column":9},"end":{"line":15,"column":3}},"type":"if","locations":[{"start":{"line":9,"column":9},"end":{"line":15,"column":3}},{"start":{"line":11,"column":9},"end":{"line":15,"column":3}}],"line":9},"3":{"loc":{"start":{"line":11,"column":9},"end":{"line":15,"column":3}},"type":"if","locations":[{"start":{"line":11,"column":9},"end":{"line":15,"column":3}},{"start":{"line":13,"column":9},"end":{"line":15,"column":3}}],"line":11},"4":{"loc":{"start":{"line":19,"column":2},"end":{"line":22,"column":3}},"type":"if","locations":[{"start":{"line":19,"column":2},"end":{"line":22,"column":3}},{"start":{},"end":{}}],"line":19}},"s":{"0":5,"1":5,"2":0,"3":5,"4":4,"5":1,"6":0,"7":1,"8":1,"9":0,"10":35,"11":10,"12":10,"13":25},"f":{"0":5,"1":35},"b":{"0":[0,5],"1":[4,1],"2":[0,1],"3":[1,0],"4":[10,25]},"_coverageSchema":"1a1c01bbd47fc00a2c39e90264f33305004495a9","hash":"6ee69506e164bbdf533e29a57c490de33850e3de"}
,"/home/dariel/Projects/sis_freq_back/src/colecao/colecaoAluno.ts": {"path":"/home/dariel/Projects/sis_freq_back/src/colecao/colecaoAluno.ts","statementMap":{"0":{"start":{"line":4,"column":21},"end":{"line":45,"column":1}},"1":{"start":{"line":6,"column":54},"end":{"line":6,"column":62}},"2":{"start":{"line":7,"column":4},"end":{"line":7,"column":63}},"3":{"start":{"line":7,"column":56},"end":{"line":7,"column":63}},"4":{"start":{"line":8,"column":4},"end":{"line":14,"column":5}},"5":{"start":{"line":9,"column":24},"end":{"line":9,"column":65}},"6":{"start":{"line":10,"column":6},"end":{"line":10,"column":29}},"7":{"start":{"line":11,"column":6},"end":{"line":11,"column":29}},"8":{"start":{"line":13,"column":6},"end":{"line":13,"column":25}},"9":{"start":{"line":17,"column":26},"end":{"line":17,"column":36}},"10":{"start":{"line":18,"column":4},"end":{"line":23,"column":5}},"11":{"start":{"line":19,"column":16},"end":{"line":19,"column":59}},"12":{"start":{"line":20,"column":6},"end":{"line":20,"column":30}},"13":{"start":{"line":22,"column":6},"end":{"line":22,"column":25}},"14":{"start":{"line":26,"column":26},"end":{"line":26,"column":36}},"15":{"start":{"line":27,"column":4},"end":{"line":32,"column":5}},"16":{"start":{"line":28,"column":6},"end":{"line":28,"column":39}},"17":{"start":{"line":29,"column":6},"end":{"line":29,"column":29}},"18":{"start":{"line":31,"column":6},"end":{"line":31,"column":25}},"19":{"start":{"line":35,"column":28},"end":{"line":35,"column":43}},"20":{"start":{"line":36,"column":26},"end":{"line":36,"column":36}},"21":{"start":{"line":37,"column":4},"end":{"line":37,"column":58}},"22":{"start":{"line":37,"column":51},"end":{"line":37,"column":58}},"23":{"start":{"line":38,"column":4},"end":{"line":43,"column":5}},"24":{"start":{"line":39,"column":6},"end":{"line":39,"column":51}},"25":{"start":{"line":40,"column":6},"end":{"line":40,"column":29}},"26":{"start":{"line":42,"column":6},"end":{"line":42,"column":25}}},"fnMap":{"0":{"name":"(anonymous_0)","decl":{"start":{"line":5,"column":2},"end":{"line":5,"column":3}},"loc":{"start":{"line":5,"column":39},"end":{"line":15,"column":3}},"line":5},"1":{"name":"(anonymous_1)","decl":{"start":{"line":16,"column":2},"end":{"line":16,"column":3}},"loc":{"start":{"line":16,"column":48},"end":{"line":24,"column":3}},"line":16},"2":{"name":"(anonymous_2)","decl":{"start":{"line":25,"column":2},"end":{"line":25,"column":3}},"loc":{"start":{"line":25,"column":48},"end":{"line":33,"column":3}},"line":25},"3":{"name":"(anonymous_3)","decl":{"start":{"line":34,"column":2},"end":{"line":34,"column":3}},"loc":{"start":{"line":34,"column":55},"end":{"line":44,"column":3}},"line":34}},"branchMap":{"0":{"loc":{"start":{"line":7,"column":4},"end":{"line":7,"column":63}},"type":"if","locations":[{"start":{"line":7,"column":4},"end":{"line":7,"column":63}},{"start":{},"end":{}}],"line":7},"1":{"loc":{"start":{"line":37,"column":4},"end":{"line":37,"column":58}},"type":"if","locations":[{"start":{"line":37,"column":4},"end":{"line":37,"column":58}},{"start":{},"end":{}}],"line":37}},"s":{"0":5,"1":4,"2":4,"3":1,"4":3,"5":3,"6":3,"7":2,"8":1,"9":3,"10":3,"11":3,"12":3,"13":0,"14":2,"15":2,"16":2,"17":2,"18":0,"19":3,"20":3,"21":3,"22":1,"23":2,"24":2,"25":2,"26":0},"f":{"0":4,"1":3,"2":2,"3":3},"b":{"0":[1,3],"1":[1,2]},"_coverageSchema":"1a1c01bbd47fc00a2c39e90264f33305004495a9","hash":"3f01ec7550b75b2fd152fb7a148c90eab397aee5"}
,"/home/dariel/Projects/sis_freq_back/src/colecao/colecaoCoordenador.ts": {"path":"/home/dariel/Projects/sis_freq_back/src/colecao/colecaoCoordenador.ts","statementMap":{"0":{"start":{"line":4,"column":27},"end":{"line":45,"column":1}},"1":{"start":{"line":6,"column":50},"end":{"line":6,"column":58}},"2":{"start":{"line":7,"column":4},"end":{"line":7,"column":69}},"3":{"start":{"line":7,"column":62},"end":{"line":7,"column":69}},"4":{"start":{"line":8,"column":4},"end":{"line":14,"column":5}},"5":{"start":{"line":9,"column":30},"end":{"line":9,"column":67}},"6":{"start":{"line":10,"column":6},"end":{"line":10,"column":35}},"7":{"start":{"line":11,"column":6},"end":{"line":11,"column":29}},"8":{"start":{"line":13,"column":6},"end":{"line":13,"column":25}},"9":{"start":{"line":17,"column":22},"end":{"line":17,"column":32}},"10":{"start":{"line":18,"column":4},"end":{"line":23,"column":5}},"11":{"start":{"line":19,"column":16},"end":{"line":19,"column":57}},"12":{"start":{"line":20,"column":6},"end":{"line":20,"column":30}},"13":{"start":{"line":22,"column":6},"end":{"line":22,"column":25}},"14":{"start":{"line":26,"column":22},"end":{"line":26,"column":32}},"15":{"start":{"line":27,"column":4},"end":{"line":32,"column":5}},"16":{"start":{"line":28,"column":6},"end":{"line":28,"column":41}},"17":{"start":{"line":29,"column":6},"end":{"line":29,"column":29}},"18":{"start":{"line":31,"column":6},"end":{"line":31,"column":25}},"19":{"start":{"line":35,"column":28},"end":{"line":35,"column":43}},"20":{"start":{"line":36,"column":22},"end":{"line":36,"column":32}},"21":{"start":{"line":37,"column":4},"end":{"line":37,"column":58}},"22":{"start":{"line":37,"column":51},"end":{"line":37,"column":58}},"23":{"start":{"line":38,"column":4},"end":{"line":43,"column":5}},"24":{"start":{"line":39,"column":6},"end":{"line":39,"column":53}},"25":{"start":{"line":40,"column":6},"end":{"line":40,"column":29}},"26":{"start":{"line":42,"column":6},"end":{"line":42,"column":25}}},"fnMap":{"0":{"name":"(anonymous_0)","decl":{"start":{"line":5,"column":2},"end":{"line":5,"column":3}},"loc":{"start":{"line":5,"column":39},"end":{"line":15,"column":3}},"line":5},"1":{"name":"(anonymous_1)","decl":{"start":{"line":16,"column":2},"end":{"line":16,"column":3}},"loc":{"start":{"line":16,"column":44},"end":{"line":24,"column":3}},"line":16},"2":{"name":"(anonymous_2)","decl":{"start":{"line":25,"column":2},"end":{"line":25,"column":3}},"loc":{"start":{"line":25,"column":44},"end":{"line":33,"column":3}},"line":25},"3":{"name":"(anonymous_3)","decl":{"start":{"line":34,"column":2},"end":{"line":34,"column":3}},"loc":{"start":{"line":34,"column":51},"end":{"line":44,"column":3}},"line":34}},"branchMap":{"0":{"loc":{"start":{"line":7,"column":4},"end":{"line":7,"column":69}},"type":"if","locations":[{"start":{"line":7,"column":4},"end":{"line":7,"column":69}},{"start":{},"end":{}}],"line":7},"1":{"loc":{"start":{"line":37,"column":4},"end":{"line":37,"column":58}},"type":"if","locations":[{"start":{"line":37,"column":4},"end":{"line":37,"column":58}},{"start":{},"end":{}}],"line":37}},"s":{"0":5,"1":4,"2":4,"3":1,"4":3,"5":3,"6":3,"7":2,"8":1,"9":3,"10":3,"11":3,"12":3,"13":0,"14":2,"15":2,"16":2,"17":2,"18":0,"19":3,"20":3,"21":3,"22":1,"23":2,"24":2,"25":2,"26":0},"f":{"0":4,"1":3,"2":2,"3":3},"b":{"0":[1,3],"1":[1,2]},"_coverageSchema":"1a1c01bbd47fc00a2c39e90264f33305004495a9","hash":"5d8830ef187c6d794b8da93e67f31e99c0846481"}
,"/home/dariel/Projects/sis_freq_back/src/colecao/colecaoEstagio.ts": {"path":"/home/dariel/Projects/sis_freq_back/src/colecao/colecaoEstagio.ts","statementMap":{"0":{"start":{"line":4,"column":23},"end":{"line":45,"column":1}},"1":{"start":{"line":6,"column":21},"end":{"line":6,"column":29}},"2":{"start":{"line":7,"column":4},"end":{"line":7,"column":65}},"3":{"start":{"line":7,"column":58},"end":{"line":7,"column":65}},"4":{"start":{"line":8,"column":4},"end":{"line":14,"column":5}},"5":{"start":{"line":9,"column":26},"end":{"line":9,"column":34}},"6":{"start":{"line":10,"column":6},"end":{"line":10,"column":31}},"7":{"start":{"line":11,"column":6},"end":{"line":11,"column":29}},"8":{"start":{"line":13,"column":6},"end":{"line":13,"column":25}},"9":{"start":{"line":17,"column":4},"end":{"line":22,"column":5}},"10":{"start":{"line":18,"column":23},"end":{"line":18,"column":47}},"11":{"start":{"line":19,"column":6},"end":{"line":19,"column":37}},"12":{"start":{"line":21,"column":6},"end":{"line":21,"column":25}},"13":{"start":{"line":25,"column":19},"end":{"line":25,"column":29}},"14":{"start":{"line":26,"column":4},"end":{"line":31,"column":5}},"15":{"start":{"line":27,"column":6},"end":{"line":27,"column":43}},"16":{"start":{"line":28,"column":6},"end":{"line":28,"column":29}},"17":{"start":{"line":30,"column":6},"end":{"line":30,"column":25}},"18":{"start":{"line":34,"column":25},"end":{"line":34,"column":38}},"19":{"start":{"line":35,"column":19},"end":{"line":35,"column":29}},"20":{"start":{"line":36,"column":4},"end":{"line":36,"column":56}},"21":{"start":{"line":36,"column":49},"end":{"line":36,"column":56}},"22":{"start":{"line":37,"column":4},"end":{"line":43,"column":5}},"23":{"start":{"line":38,"column":6},"end":{"line":38,"column":49}},"24":{"start":{"line":39,"column":6},"end":{"line":39,"column":29}},"25":{"start":{"line":41,"column":8},"end":{"line":41,"column":25}},"26":{"start":{"line":42,"column":6},"end":{"line":42,"column":25}}},"fnMap":{"0":{"name":"(anonymous_0)","decl":{"start":{"line":5,"column":2},"end":{"line":5,"column":3}},"loc":{"start":{"line":5,"column":39},"end":{"line":15,"column":3}},"line":5},"1":{"name":"(anonymous_1)","decl":{"start":{"line":16,"column":2},"end":{"line":16,"column":3}},"loc":{"start":{"line":16,"column":33},"end":{"line":23,"column":3}},"line":16},"2":{"name":"(anonymous_2)","decl":{"start":{"line":24,"column":2},"end":{"line":24,"column":3}},"loc":{"start":{"line":24,"column":41},"end":{"line":32,"column":3}},"line":24},"3":{"name":"(anonymous_3)","decl":{"start":{"line":33,"column":2},"end":{"line":33,"column":3}},"loc":{"start":{"line":33,"column":37},"end":{"line":44,"column":3}},"line":33}},"branchMap":{"0":{"loc":{"start":{"line":7,"column":4},"end":{"line":7,"column":65}},"type":"if","locations":[{"start":{"line":7,"column":4},"end":{"line":7,"column":65}},{"start":{},"end":{}}],"line":7},"1":{"loc":{"start":{"line":36,"column":4},"end":{"line":36,"column":56}},"type":"if","locations":[{"start":{"line":36,"column":4},"end":{"line":36,"column":56}},{"start":{},"end":{}}],"line":36}},"s":{"0":5,"1":3,"2":3,"3":1,"4":2,"5":2,"6":2,"7":1,"8":1,"9":2,"10":2,"11":2,"12":0,"13":1,"14":1,"15":1,"16":1,"17":0,"18":2,"19":2,"20":2,"21":1,"22":1,"23":1,"24":1,"25":0,"26":0},"f":{"0":3,"1":2,"2":1,"3":2},"b":{"0":[1,2],"1":[1,1]},"_coverageSchema":"1a1c01bbd47fc00a2c39e90264f33305004495a9","hash":"15dc2798723c1a34c1e629bc8fb8874842a42f68"}
,"/home/dariel/Projects/sis_freq_back/src/colecao/colecaoJwt.ts": {"path":"/home/dariel/Projects/sis_freq_back/src/colecao/colecaoJwt.ts","statementMap":{"0":{"start":{"line":1,"column":0},"end":{"line":1,"column":27}},"1":{"start":{"line":7,"column":19},"end":{"line":62,"column":1}},"2":{"start":{"line":9,"column":40},"end":{"line":9,"column":48}},"3":{"start":{"line":10,"column":4},"end":{"line":16,"column":13}},"4":{"start":{"line":16,"column":6},"end":{"line":16,"column":13}},"5":{"start":{"line":18,"column":4},"end":{"line":49,"column":5}},"6":{"start":{"line":20,"column":6},"end":{"line":33,"column":7}},"7":{"start":{"line":21,"column":8},"end":{"line":23,"column":10}},"8":{"start":{"line":25,"column":8},"end":{"line":27,"column":10}},"9":{"start":{"line":28,"column":8},"end":{"line":32,"column":9}},"10":{"start":{"line":29,"column":10},"end":{"line":31,"column":12}},"11":{"start":{"line":34,"column":6},"end":{"line":46,"column":7}},"12":{"start":{"line":35,"column":8},"end":{"line":35,"column":66}},"13":{"start":{"line":37,"column":23},"end":{"line":37,"column":34}},"14":{"start":{"line":38,"column":34},"end":{"line":43,"column":9}},"15":{"start":{"line":44,"column":22},"end":{"line":44,"column":76}},"16":{"start":{"line":45,"column":8},"end":{"line":45,"column":36}},"17":{"start":{"line":48,"column":6},"end":{"line":48,"column":25}},"18":{"start":{"line":52,"column":22},"end":{"line":52,"column":33}},"19":{"start":{"line":53,"column":4},"end":{"line":53,"column":57}},"20":{"start":{"line":53,"column":50},"end":{"line":53,"column":57}},"21":{"start":{"line":54,"column":4},"end":{"line":60,"column":5}},"22":{"start":{"line":55,"column":18},"end":{"line":55,"column":98}},"23":{"start":{"line":56,"column":6},"end":{"line":56,"column":26}},"24":{"start":{"line":57,"column":6},"end":{"line":57,"column":29}},"25":{"start":{"line":59,"column":6},"end":{"line":59,"column":25}}},"fnMap":{"0":{"name":"(anonymous_0)","decl":{"start":{"line":8,"column":2},"end":{"line":8,"column":3}},"loc":{"start":{"line":8,"column":34},"end":{"line":50,"column":3}},"line":8},"1":{"name":"(anonymous_1)","decl":{"start":{"line":51,"column":2},"end":{"line":51,"column":3}},"loc":{"start":{"line":51,"column":35},"end":{"line":61,"column":3}},"line":51}},"branchMap":{"0":{"loc":{"start":{"line":10,"column":4},"end":{"line":16,"column":13}},"type":"if","locations":[{"start":{"line":10,"column":4},"end":{"line":16,"column":13}},{"start":{},"end":{}}],"line":10},"1":{"loc":{"start":{"line":12,"column":8},"end":{"line":12,"column":79}},"type":"binary-expr","locations":[{"start":{"line":12,"column":8},"end":{"line":12,"column":27}},{"start":{"line":12,"column":32},"end":{"line":12,"column":51}},{"start":{"line":12,"column":55},"end":{"line":12,"column":78}}],"line":12},"2":{"loc":{"start":{"line":20,"column":6},"end":{"line":33,"column":7}},"type":"if","locations":[{"start":{"line":20,"column":6},"end":{"line":33,"column":7}},{"start":{"line":24,"column":13},"end":{"line":33,"column":7}}],"line":20},"3":{"loc":{"start":{"line":28,"column":8},"end":{"line":32,"column":9}},"type":"if","locations":[{"start":{"line":28,"column":8},"end":{"line":32,"column":9}},{"start":{},"end":{}}],"line":28},"4":{"loc":{"start":{"line":34,"column":6},"end":{"line":46,"column":7}},"type":"if","locations":[{"start":{"line":34,"column":6},"end":{"line":46,"column":7}},{"start":{"line":36,"column":13},"end":{"line":46,"column":7}}],"line":34},"5":{"loc":{"start":{"line":53,"column":4},"end":{"line":53,"column":57}},"type":"if","locations":[{"start":{"line":53,"column":4},"end":{"line":53,"column":57}},{"start":{},"end":{}}],"line":53}},"s":{"0":5,"1":5,"2":4,"3":4,"4":1,"5":3,"6":3,"7":1,"8":2,"9":2,"10":0,"11":3,"12":0,"13":3,"14":3,"15":3,"16":3,"17":0,"18":1,"19":1,"20":0,"21":1,"22":1,"23":1,"24":1,"25":0},"f":{"0":4,"1":1},"b":{"0":[1,3],"1":[4,3,1],"2":[1,2],"3":[0,2],"4":[0,3],"5":[0,1]},"_coverageSchema":"1a1c01bbd47fc00a2c39e90264f33305004495a9","hash":"5ea2b2302b6a48e5afd007b769add6f080790fe7"}
,"/home/dariel/Projects/sis_freq_back/src/colecao/colecaoPreceptor.ts": {"path":"/home/dariel/Projects/sis_freq_back/src/colecao/colecaoPreceptor.ts","statementMap":{"0":{"start":{"line":4,"column":25},"end":{"line":45,"column":1}},"1":{"start":{"line":6,"column":50},"end":{"line":6,"column":58}},"2":{"start":{"line":7,"column":4},"end":{"line":7,"column":67}},"3":{"start":{"line":7,"column":60},"end":{"line":7,"column":67}},"4":{"start":{"line":8,"column":4},"end":{"line":14,"column":5}},"5":{"start":{"line":9,"column":28},"end":{"line":9,"column":65}},"6":{"start":{"line":10,"column":6},"end":{"line":10,"column":33}},"7":{"start":{"line":11,"column":6},"end":{"line":11,"column":29}},"8":{"start":{"line":13,"column":6},"end":{"line":13,"column":25}},"9":{"start":{"line":17,"column":22},"end":{"line":17,"column":32}},"10":{"start":{"line":18,"column":4},"end":{"line":23,"column":5}},"11":{"start":{"line":19,"column":16},"end":{"line":19,"column":55}},"12":{"start":{"line":20,"column":6},"end":{"line":20,"column":30}},"13":{"start":{"line":22,"column":6},"end":{"line":22,"column":25}},"14":{"start":{"line":26,"column":22},"end":{"line":26,"column":32}},"15":{"start":{"line":27,"column":4},"end":{"line":32,"column":5}},"16":{"start":{"line":28,"column":6},"end":{"line":28,"column":39}},"17":{"start":{"line":29,"column":6},"end":{"line":29,"column":29}},"18":{"start":{"line":31,"column":6},"end":{"line":31,"column":25}},"19":{"start":{"line":35,"column":28},"end":{"line":35,"column":43}},"20":{"start":{"line":36,"column":22},"end":{"line":36,"column":32}},"21":{"start":{"line":37,"column":4},"end":{"line":37,"column":58}},"22":{"start":{"line":37,"column":51},"end":{"line":37,"column":58}},"23":{"start":{"line":38,"column":4},"end":{"line":43,"column":5}},"24":{"start":{"line":39,"column":6},"end":{"line":39,"column":51}},"25":{"start":{"line":40,"column":6},"end":{"line":40,"column":29}},"26":{"start":{"line":42,"column":6},"end":{"line":42,"column":25}}},"fnMap":{"0":{"name":"(anonymous_0)","decl":{"start":{"line":5,"column":2},"end":{"line":5,"column":3}},"loc":{"start":{"line":5,"column":39},"end":{"line":15,"column":3}},"line":5},"1":{"name":"(anonymous_1)","decl":{"start":{"line":16,"column":2},"end":{"line":16,"column":3}},"loc":{"start":{"line":16,"column":44},"end":{"line":24,"column":3}},"line":16},"2":{"name":"(anonymous_2)","decl":{"start":{"line":25,"column":2},"end":{"line":25,"column":3}},"loc":{"start":{"line":25,"column":44},"end":{"line":33,"column":3}},"line":25},"3":{"name":"(anonymous_3)","decl":{"start":{"line":34,"column":2},"end":{"line":34,"column":3}},"loc":{"start":{"line":34,"column":51},"end":{"line":44,"column":3}},"line":34}},"branchMap":{"0":{"loc":{"start":{"line":7,"column":4},"end":{"line":7,"column":67}},"type":"if","locations":[{"start":{"line":7,"column":4},"end":{"line":7,"column":67}},{"start":{},"end":{}}],"line":7},"1":{"loc":{"start":{"line":37,"column":4},"end":{"line":37,"column":58}},"type":"if","locations":[{"start":{"line":37,"column":4},"end":{"line":37,"column":58}},{"start":{},"end":{}}],"line":37}},"s":{"0":5,"1":4,"2":4,"3":1,"4":3,"5":3,"6":3,"7":2,"8":1,"9":3,"10":3,"11":3,"12":3,"13":0,"14":2,"15":2,"16":2,"17":2,"18":0,"19":3,"20":3,"21":3,"22":1,"23":2,"24":2,"25":2,"26":0},"f":{"0":4,"1":3,"2":2,"3":3},"b":{"0":[1,3],"1":[1,2]},"_coverageSchema":"1a1c01bbd47fc00a2c39e90264f33305004495a9","hash":"798de337e6d20afaf42ffb39cf0a97af137a8a29"}
,"/home/dariel/Projects/sis_freq_back/src/db/db.ts": {"path":"/home/dariel/Projects/sis_freq_back/src/db/db.ts","statementMap":{"0":{"start":{"line":1,"column":0},"end":{"line":1,"column":27}},"1":{"start":{"line":4,"column":13},"end":{"line":14,"column":2}},"2":{"start":{"line":16,"column":11},"end":{"line":16,"column":25}}},"fnMap":{},"branchMap":{},"s":{"0":5,"1":5,"2":5},"f":{},"b":{},"_coverageSchema":"1a1c01bbd47fc00a2c39e90264f33305004495a9","hash":"75970e0d4214bc41ee10397fd6b3032c629c105f"}
,"/home/dariel/Projects/sis_freq_back/src/interfaces/IAluno.ts": {"path":"/home/dariel/Projects/sis_freq_back/src/interfaces/IAluno.ts","statementMap":{"0":{"start":{"line":14,"column":16},"end":{"line":47,"column":1}},"1":{"start":{"line":16,"column":4},"end":{"line":24,"column":5}},"2":{"start":{"line":23,"column":6},"end":{"line":23,"column":19}},"3":{"start":{"line":25,"column":4},"end":{"line":25,"column":16}},"4":{"start":{"line":28,"column":16},"end":{"line":31,"column":8}},"5":{"start":{"line":32,"column":4},"end":{"line":32,"column":31}},"6":{"start":{"line":35,"column":16},"end":{"line":35,"column":97}},"7":{"start":{"line":36,"column":18},"end":{"line":36,"column":37}},"8":{"start":{"line":37,"column":4},"end":{"line":37,"column":23}},"9":{"start":{"line":40,"column":16},"end":{"line":40,"column":66}},"10":{"start":{"line":41,"column":4},"end":{"line":41,"column":31}},"11":{"start":{"line":44,"column":16},"end":{"line":44,"column":82}},"12":{"start":{"line":45,"column":4},"end":{"line":45,"column":24}}},"fnMap":{"0":{"name":"(anonymous_0)","decl":{"start":{"line":15,"column":2},"end":{"line":15,"column":3}},"loc":{"start":{"line":15,"column":19},"end":{"line":26,"column":3}},"line":15},"1":{"name":"(anonymous_1)","decl":{"start":{"line":27,"column":2},"end":{"line":27,"column":3}},"loc":{"start":{"line":27,"column":25},"end":{"line":33,"column":3}},"line":27},"2":{"name":"(anonymous_2)","decl":{"start":{"line":34,"column":2},"end":{"line":34,"column":3}},"loc":{"start":{"line":34,"column":46},"end":{"line":38,"column":3}},"line":34},"3":{"name":"(anonymous_3)","decl":{"start":{"line":39,"column":2},"end":{"line":39,"column":3}},"loc":{"start":{"line":39,"column":35},"end":{"line":42,"column":3}},"line":39},"4":{"name":"(anonymous_4)","decl":{"start":{"line":43,"column":2},"end":{"line":43,"column":3}},"loc":{"start":{"line":43,"column":56},"end":{"line":46,"column":3}},"line":43}},"branchMap":{"0":{"loc":{"start":{"line":16,"column":4},"end":{"line":24,"column":5}},"type":"if","locations":[{"start":{"line":16,"column":4},"end":{"line":24,"column":5}},{"start":{},"end":{}}],"line":16},"1":{"loc":{"start":{"line":17,"column":6},"end":{"line":21,"column":33}},"type":"binary-expr","locations":[{"start":{"line":17,"column":6},"end":{"line":17,"column":28}},{"start":{"line":18,"column":6},"end":{"line":18,"column":29}},{"start":{"line":19,"column":6},"end":{"line":19,"column":30}},{"start":{"line":20,"column":6},"end":{"line":20,"column":29}},{"start":{"line":21,"column":6},"end":{"line":21,"column":33}}],"line":17}},"s":{"0":5,"1":4,"2":1,"3":3,"4":3,"5":3,"6":3,"7":3,"8":3,"9":2,"10":2,"11":2,"12":2},"f":{"0":4,"1":3,"2":3,"3":2,"4":2},"b":{"0":[1,3],"1":[4,3,3,3,3]},"_coverageSchema":"1a1c01bbd47fc00a2c39e90264f33305004495a9","hash":"e21bd3ea79d88294ba4b539c7b2cab956d26e2e4"}
,"/home/dariel/Projects/sis_freq_back/src/interfaces/ICoordenador.ts": {"path":"/home/dariel/Projects/sis_freq_back/src/interfaces/ICoordenador.ts","statementMap":{"0":{"start":{"line":12,"column":22},"end":{"line":45,"column":1}},"1":{"start":{"line":14,"column":4},"end":{"line":22,"column":5}},"2":{"start":{"line":21,"column":6},"end":{"line":21,"column":19}},"3":{"start":{"line":23,"column":4},"end":{"line":23,"column":16}},"4":{"start":{"line":26,"column":16},"end":{"line":29,"column":8}},"5":{"start":{"line":30,"column":4},"end":{"line":30,"column":31}},"6":{"start":{"line":33,"column":16},"end":{"line":33,"column":91}},"7":{"start":{"line":34,"column":18},"end":{"line":34,"column":37}},"8":{"start":{"line":35,"column":4},"end":{"line":35,"column":23}},"9":{"start":{"line":38,"column":16},"end":{"line":38,"column":64}},"10":{"start":{"line":39,"column":4},"end":{"line":39,"column":31}},"11":{"start":{"line":42,"column":16},"end":{"line":42,"column":80}},"12":{"start":{"line":43,"column":4},"end":{"line":43,"column":24}}},"fnMap":{"0":{"name":"(anonymous_0)","decl":{"start":{"line":13,"column":2},"end":{"line":13,"column":3}},"loc":{"start":{"line":13,"column":19},"end":{"line":24,"column":3}},"line":13},"1":{"name":"(anonymous_1)","decl":{"start":{"line":25,"column":2},"end":{"line":25,"column":3}},"loc":{"start":{"line":25,"column":31},"end":{"line":31,"column":3}},"line":25},"2":{"name":"(anonymous_2)","decl":{"start":{"line":32,"column":2},"end":{"line":32,"column":3}},"loc":{"start":{"line":32,"column":38},"end":{"line":36,"column":3}},"line":32},"3":{"name":"(anonymous_3)","decl":{"start":{"line":37,"column":2},"end":{"line":37,"column":3}},"loc":{"start":{"line":37,"column":31},"end":{"line":40,"column":3}},"line":37},"4":{"name":"(anonymous_4)","decl":{"start":{"line":41,"column":2},"end":{"line":41,"column":3}},"loc":{"start":{"line":41,"column":52},"end":{"line":44,"column":3}},"line":41}},"branchMap":{"0":{"loc":{"start":{"line":14,"column":4},"end":{"line":22,"column":5}},"type":"if","locations":[{"start":{"line":14,"column":4},"end":{"line":22,"column":5}},{"start":{},"end":{}}],"line":14},"1":{"loc":{"start":{"line":15,"column":6},"end":{"line":19,"column":29}},"type":"binary-expr","locations":[{"start":{"line":15,"column":6},"end":{"line":15,"column":28}},{"start":{"line":16,"column":6},"end":{"line":16,"column":29}},{"start":{"line":17,"column":6},"end":{"line":17,"column":30}},{"start":{"line":18,"column":6},"end":{"line":18,"column":29}},{"start":{"line":19,"column":6},"end":{"line":19,"column":29}}],"line":15}},"s":{"0":5,"1":4,"2":1,"3":3,"4":3,"5":3,"6":3,"7":3,"8":3,"9":2,"10":2,"11":2,"12":2},"f":{"0":4,"1":3,"2":3,"3":2,"4":2},"b":{"0":[1,3],"1":[4,3,3,3,3]},"_coverageSchema":"1a1c01bbd47fc00a2c39e90264f33305004495a9","hash":"33f68343b87dc3dc68e03b0118faf23cbba16dc3"}
,"/home/dariel/Projects/sis_freq_back/src/interfaces/IEstagio.ts": {"path":"/home/dariel/Projects/sis_freq_back/src/interfaces/IEstagio.ts","statementMap":{"0":{"start":{"line":8,"column":18},"end":{"line":32,"column":1}},"1":{"start":{"line":10,"column":4},"end":{"line":12,"column":5}},"2":{"start":{"line":11,"column":6},"end":{"line":11,"column":19}},"3":{"start":{"line":13,"column":4},"end":{"line":13,"column":16}},"4":{"start":{"line":16,"column":16},"end":{"line":16,"column":65}},"5":{"start":{"line":17,"column":4},"end":{"line":17,"column":24}},"6":{"start":{"line":20,"column":16},"end":{"line":20,"column":39}},"7":{"start":{"line":21,"column":18},"end":{"line":21,"column":37}},"8":{"start":{"line":22,"column":4},"end":{"line":22,"column":20}},"9":{"start":{"line":25,"column":16},"end":{"line":25,"column":82}},"10":{"start":{"line":26,"column":4},"end":{"line":26,"column":24}},"11":{"start":{"line":29,"column":16},"end":{"line":29,"column":68}},"12":{"start":{"line":30,"column":4},"end":{"line":30,"column":24}}},"fnMap":{"0":{"name":"(anonymous_0)","decl":{"start":{"line":9,"column":2},"end":{"line":9,"column":3}},"loc":{"start":{"line":9,"column":19},"end":{"line":14,"column":3}},"line":9},"1":{"name":"(anonymous_1)","decl":{"start":{"line":15,"column":2},"end":{"line":15,"column":3}},"loc":{"start":{"line":15,"column":27},"end":{"line":18,"column":3}},"line":15},"2":{"name":"(anonymous_2)","decl":{"start":{"line":19,"column":2},"end":{"line":19,"column":3}},"loc":{"start":{"line":19,"column":17},"end":{"line":23,"column":3}},"line":19},"3":{"name":"(anonymous_3)","decl":{"start":{"line":24,"column":2},"end":{"line":24,"column":3}},"loc":{"start":{"line":24,"column":49},"end":{"line":27,"column":3}},"line":24},"4":{"name":"(anonymous_4)","decl":{"start":{"line":28,"column":2},"end":{"line":28,"column":3}},"loc":{"start":{"line":28,"column":35},"end":{"line":31,"column":3}},"line":28}},"branchMap":{"0":{"loc":{"start":{"line":10,"column":4},"end":{"line":12,"column":5}},"type":"if","locations":[{"start":{"line":10,"column":4},"end":{"line":12,"column":5}},{"start":{},"end":{}}],"line":10}},"s":{"0":5,"1":3,"2":1,"3":2,"4":2,"5":2,"6":2,"7":2,"8":2,"9":1,"10":1,"11":1,"12":1},"f":{"0":3,"1":2,"2":2,"3":1,"4":1},"b":{"0":[1,2]},"_coverageSchema":"1a1c01bbd47fc00a2c39e90264f33305004495a9","hash":"4b3b2602804b4fa4c85626eb2f783a52976395b6"}
,"/home/dariel/Projects/sis_freq_back/src/interfaces/IPreceptor.ts": {"path":"/home/dariel/Projects/sis_freq_back/src/interfaces/IPreceptor.ts","statementMap":{"0":{"start":{"line":12,"column":20},"end":{"line":45,"column":1}},"1":{"start":{"line":14,"column":4},"end":{"line":22,"column":5}},"2":{"start":{"line":21,"column":6},"end":{"line":21,"column":19}},"3":{"start":{"line":23,"column":4},"end":{"line":23,"column":16}},"4":{"start":{"line":26,"column":16},"end":{"line":29,"column":8}},"5":{"start":{"line":30,"column":4},"end":{"line":30,"column":31}},"6":{"start":{"line":33,"column":16},"end":{"line":33,"column":89}},"7":{"start":{"line":34,"column":18},"end":{"line":34,"column":37}},"8":{"start":{"line":35,"column":4},"end":{"line":35,"column":23}},"9":{"start":{"line":38,"column":16},"end":{"line":38,"column":62}},"10":{"start":{"line":39,"column":4},"end":{"line":39,"column":31}},"11":{"start":{"line":42,"column":16},"end":{"line":42,"column":78}},"12":{"start":{"line":43,"column":4},"end":{"line":43,"column":24}}},"fnMap":{"0":{"name":"(anonymous_0)","decl":{"start":{"line":13,"column":2},"end":{"line":13,"column":3}},"loc":{"start":{"line":13,"column":19},"end":{"line":24,"column":3}},"line":13},"1":{"name":"(anonymous_1)","decl":{"start":{"line":25,"column":2},"end":{"line":25,"column":3}},"loc":{"start":{"line":25,"column":29},"end":{"line":31,"column":3}},"line":25},"2":{"name":"(anonymous_2)","decl":{"start":{"line":32,"column":2},"end":{"line":32,"column":3}},"loc":{"start":{"line":32,"column":38},"end":{"line":36,"column":3}},"line":32},"3":{"name":"(anonymous_3)","decl":{"start":{"line":37,"column":2},"end":{"line":37,"column":3}},"loc":{"start":{"line":37,"column":31},"end":{"line":40,"column":3}},"line":37},"4":{"name":"(anonymous_4)","decl":{"start":{"line":41,"column":2},"end":{"line":41,"column":3}},"loc":{"start":{"line":41,"column":52},"end":{"line":44,"column":3}},"line":41}},"branchMap":{"0":{"loc":{"start":{"line":14,"column":4},"end":{"line":22,"column":5}},"type":"if","locations":[{"start":{"line":14,"column":4},"end":{"line":22,"column":5}},{"start":{},"end":{}}],"line":14},"1":{"loc":{"start":{"line":15,"column":6},"end":{"line":19,"column":29}},"type":"binary-expr","locations":[{"start":{"line":15,"column":6},"end":{"line":15,"column":28}},{"start":{"line":16,"column":6},"end":{"line":16,"column":29}},{"start":{"line":17,"column":6},"end":{"line":17,"column":30}},{"start":{"line":18,"column":6},"end":{"line":18,"column":29}},{"start":{"line":19,"column":6},"end":{"line":19,"column":29}}],"line":15}},"s":{"0":5,"1":4,"2":1,"3":3,"4":3,"5":3,"6":3,"7":3,"8":3,"9":2,"10":2,"11":2,"12":2},"f":{"0":4,"1":3,"2":3,"3":2,"4":2},"b":{"0":[1,3],"1":[4,3,3,3,3]},"_coverageSchema":"1a1c01bbd47fc00a2c39e90264f33305004495a9","hash":"5903c460e76b72c647cc53ceb16f8b21be12f8bb"}
,"/home/dariel/Projects/sis_freq_back/src/interfaces/IToken.ts": {"path":"/home/dariel/Projects/sis_freq_back/src/interfaces/IToken.ts","statementMap":{"0":{"start":{"line":7,"column":28},"end":{"line":7,"column":56}}},"fnMap":{},"branchMap":{},"s":{"0":5},"f":{},"b":{},"_coverageSchema":"1a1c01bbd47fc00a2c39e90264f33305004495a9","hash":"2430c58a9640de603e2f865372b0e675fd9a96f0"}
,"/home/dariel/Projects/sis_freq_back/src/middleware/middlewareJwt.ts": {"path":"/home/dariel/Projects/sis_freq_back/src/middleware/middlewareJwt.ts","statementMap":{"0":{"start":{"line":7,"column":20},"end":{"line":7,"column":31}},"1":{"start":{"line":8,"column":2},"end":{"line":21,"column":3}},"2":{"start":{"line":9,"column":4},"end":{"line":9,"column":57}},"3":{"start":{"line":9,"column":50},"end":{"line":9,"column":57}},"4":{"start":{"line":10,"column":22},"end":{"line":10,"column":52}},"5":{"start":{"line":11,"column":4},"end":{"line":11,"column":61}},"6":{"start":{"line":12,"column":18},"end":{"line":12,"column":76}},"7":{"start":{"line":13,"column":4},"end":{"line":18,"column":5}},"8":{"start":{"line":14,"column":6},"end":{"line":14,"column":32}},"9":{"start":{"line":15,"column":6},"end":{"line":15,"column":20}},"10":{"start":{"line":17,"column":6},"end":{"line":17,"column":36}},"11":{"start":{"line":20,"column":4},"end":{"line":20,"column":23}}},"fnMap":{"0":{"name":"acessoApi","decl":{"start":{"line":6,"column":30},"end":{"line":6,"column":39}},"loc":{"start":{"line":6,"column":71},"end":{"line":22,"column":1}},"line":6}},"branchMap":{"0":{"loc":{"start":{"line":9,"column":4},"end":{"line":9,"column":57}},"type":"if","locations":[{"start":{"line":9,"column":4},"end":{"line":9,"column":57}},{"start":{},"end":{}}],"line":9},"1":{"loc":{"start":{"line":13,"column":4},"end":{"line":18,"column":5}},"type":"if","locations":[{"start":{"line":13,"column":4},"end":{"line":18,"column":5}},{"start":{"line":16,"column":11},"end":{"line":18,"column":5}}],"line":13}},"s":{"0":4,"1":4,"2":4,"3":1,"4":3,"5":2,"6":2,"7":2,"8":1,"9":1,"10":1,"11":1},"f":{"0":4},"b":{"0":[1,3],"1":[1,1]},"_coverageSchema":"1a1c01bbd47fc00a2c39e90264f33305004495a9","hash":"2a6fbdafae4295d1ca69572630f0f2241dc57aaa"}
,"/home/dariel/Projects/sis_freq_back/src/routes/api/apiV1.ts": {"path":"/home/dariel/Projects/sis_freq_back/src/routes/api/apiV1.ts","statementMap":{"0":{"start":{"line":9,"column":14},"end":{"line":9,"column":30}},"1":{"start":{"line":12,"column":0},"end":{"line":12,"column":58}},"2":{"start":{"line":13,"column":0},"end":{"line":13,"column":69}},"3":{"start":{"line":14,"column":0},"end":{"line":14,"column":78}},"4":{"start":{"line":15,"column":0},"end":{"line":15,"column":72}},"5":{"start":{"line":18,"column":0},"end":{"line":18,"column":54}},"6":{"start":{"line":19,"column":0},"end":{"line":19,"column":65}},"7":{"start":{"line":20,"column":0},"end":{"line":20,"column":74}},"8":{"start":{"line":21,"column":0},"end":{"line":21,"column":68}},"9":{"start":{"line":24,"column":0},"end":{"line":24,"column":46}},"10":{"start":{"line":25,"column":0},"end":{"line":25,"column":65}},"11":{"start":{"line":26,"column":0},"end":{"line":26,"column":74}},"12":{"start":{"line":27,"column":0},"end":{"line":27,"column":68}},"13":{"start":{"line":30,"column":0},"end":{"line":30,"column":50}},"14":{"start":{"line":31,"column":0},"end":{"line":31,"column":45}},"15":{"start":{"line":32,"column":0},"end":{"line":32,"column":53}},"16":{"start":{"line":33,"column":0},"end":{"line":33,"column":58}},"17":{"start":{"line":36,"column":0},"end":{"line":36,"column":39}},"18":{"start":{"line":37,"column":0},"end":{"line":37,"column":51}}},"fnMap":{},"branchMap":{},"s":{"0":5,"1":5,"2":5,"3":5,"4":5,"5":5,"6":5,"7":5,"8":5,"9":5,"10":5,"11":5,"12":5,"13":5,"14":5,"15":5,"16":5,"17":5,"18":5},"f":{},"b":{},"_coverageSchema":"1a1c01bbd47fc00a2c39e90264f33305004495a9","hash":"2d92532832f0bcc25faae05407d5c9d3baf01b53"}
}
