TN:
SF:src/app.ts
FNF:0
FNH:0
DA:6,5
DA:8,5
DA:9,5
DA:10,5
DA:12,5
LF:5
LH:5
BRF:0
BRH:0
end_of_record
TN:
SF:src/errors.ts
FN:3,trataErr
FN:18,requisicaoRuim
FNF:2
FNH:2
FNDA:5,trataErr
FNDA:35,requisicaoRuim
DA:1,5
DA:4,5
DA:5,0
DA:7,5
DA:8,4
DA:9,1
DA:10,0
DA:11,1
DA:12,1
DA:14,0
DA:19,35
DA:20,10
DA:21,10
DA:23,25
LF:14
LH:11
BRDA:4,0,0,0
BRDA:4,0,1,5
BRDA:7,1,0,4
BRDA:7,1,1,1
BRDA:9,2,0,0
BRDA:9,2,1,1
BRDA:11,3,0,1
BRDA:11,3,1,0
BRDA:19,4,0,10
BRDA:19,4,1,25
BRF:10
BRH:7
end_of_record
TN:
SF:src/colecao/colecaoAluno.ts
FN:5,(anonymous_0)
FN:16,(anonymous_1)
FN:25,(anonymous_2)
FN:34,(anonymous_3)
FNF:4
FNH:4
FNDA:4,(anonymous_0)
FNDA:3,(anonymous_1)
FNDA:2,(anonymous_2)
FNDA:3,(anonymous_3)
DA:4,5
DA:6,4
DA:7,4
DA:8,3
DA:9,3
DA:10,3
DA:11,2
DA:13,1
DA:17,3
DA:18,3
DA:19,3
DA:20,3
DA:22,0
DA:26,2
DA:27,2
DA:28,2
DA:29,2
DA:31,0
DA:35,3
DA:36,3
DA:37,3
DA:38,2
DA:39,2
DA:40,2
DA:42,0
LF:25
LH:22
BRDA:7,0,0,1
BRDA:7,0,1,3
BRDA:37,1,0,1
BRDA:37,1,1,2
BRF:4
BRH:4
end_of_record
TN:
SF:src/colecao/colecaoCoordenador.ts
FN:5,(anonymous_0)
FN:16,(anonymous_1)
FN:25,(anonymous_2)
FN:34,(anonymous_3)
FNF:4
FNH:4
FNDA:4,(anonymous_0)
FNDA:3,(anonymous_1)
FNDA:2,(anonymous_2)
FNDA:3,(anonymous_3)
DA:4,5
DA:6,4
DA:7,4
DA:8,3
DA:9,3
DA:10,3
DA:11,2
DA:13,1
DA:17,3
DA:18,3
DA:19,3
DA:20,3
DA:22,0
DA:26,2
DA:27,2
DA:28,2
DA:29,2
DA:31,0
DA:35,3
DA:36,3
DA:37,3
DA:38,2
DA:39,2
DA:40,2
DA:42,0
LF:25
LH:22
BRDA:7,0,0,1
BRDA:7,0,1,3
BRDA:37,1,0,1
BRDA:37,1,1,2
BRF:4
BRH:4
end_of_record
TN:
SF:src/colecao/colecaoEstagio.ts
FN:5,(anonymous_0)
FN:16,(anonymous_1)
FN:24,(anonymous_2)
FN:33,(anonymous_3)
FNF:4
FNH:4
FNDA:3,(anonymous_0)
FNDA:2,(anonymous_1)
FNDA:1,(anonymous_2)
FNDA:2,(anonymous_3)
DA:4,5
DA:6,3
DA:7,3
DA:8,2
DA:9,2
DA:10,2
DA:11,1
DA:13,1
DA:17,2
DA:18,2
DA:19,2
DA:21,0
DA:25,1
DA:26,1
DA:27,1
DA:28,1
DA:30,0
DA:34,2
DA:35,2
DA:36,2
DA:37,1
DA:38,1
DA:39,1
DA:41,0
DA:42,0
LF:25
LH:21
BRDA:7,0,0,1
BRDA:7,0,1,2
BRDA:36,1,0,1
BRDA:36,1,1,1
BRF:4
BRH:4
end_of_record
TN:
SF:src/colecao/colecaoJwt.ts
FN:8,(anonymous_0)
FN:51,(anonymous_1)
FNF:2
FNH:2
FNDA:4,(anonymous_0)
FNDA:1,(anonymous_1)
DA:1,5
DA:7,5
DA:9,4
DA:10,4
DA:16,1
DA:18,3
DA:20,3
DA:21,1
DA:25,2
DA:28,2
DA:29,0
DA:34,3
DA:35,0
DA:37,3
DA:38,3
DA:44,3
DA:45,3
DA:48,0
DA:52,1
DA:53,1
DA:54,1
DA:55,1
DA:56,1
DA:57,1
DA:59,0
LF:25
LH:21
BRDA:10,0,0,1
BRDA:10,0,1,3
BRDA:12,1,0,4
BRDA:12,1,1,3
BRDA:12,1,2,1
BRDA:20,2,0,1
BRDA:20,2,1,2
BRDA:28,3,0,0
BRDA:28,3,1,2
BRDA:34,4,0,0
BRDA:34,4,1,3
BRDA:53,5,0,0
BRDA:53,5,1,1
BRF:13
BRH:10
end_of_record
TN:
SF:src/colecao/colecaoPreceptor.ts
FN:5,(anonymous_0)
FN:16,(anonymous_1)
FN:25,(anonymous_2)
FN:34,(anonymous_3)
FNF:4
FNH:4
FNDA:4,(anonymous_0)
FNDA:3,(anonymous_1)
FNDA:2,(anonymous_2)
FNDA:3,(anonymous_3)
DA:4,5
DA:6,4
DA:7,4
DA:8,3
DA:9,3
DA:10,3
DA:11,2
DA:13,1
DA:17,3
DA:18,3
DA:19,3
DA:20,3
DA:22,0
DA:26,2
DA:27,2
DA:28,2
DA:29,2
DA:31,0
DA:35,3
DA:36,3
DA:37,3
DA:38,2
DA:39,2
DA:40,2
DA:42,0
LF:25
LH:22
BRDA:7,0,0,1
BRDA:7,0,1,3
BRDA:37,1,0,1
BRDA:37,1,1,2
BRF:4
BRH:4
end_of_record
TN:
SF:src/db/db.ts
FNF:0
FNH:0
DA:1,5
DA:4,5
DA:16,5
LF:3
LH:3
BRF:0
BRH:0
end_of_record
TN:
SF:src/interfaces/IAluno.ts
FN:15,(anonymous_0)
FN:27,(anonymous_1)
FN:34,(anonymous_2)
FN:39,(anonymous_3)
FN:43,(anonymous_4)
FNF:5
FNH:5
FNDA:4,(anonymous_0)
FNDA:3,(anonymous_1)
FNDA:3,(anonymous_2)
FNDA:2,(anonymous_3)
FNDA:2,(anonymous_4)
DA:14,5
DA:16,4
DA:23,1
DA:25,3
DA:28,3
DA:32,3
DA:35,3
DA:36,3
DA:37,3
DA:40,2
DA:41,2
DA:44,2
DA:45,2
LF:13
LH:13
BRDA:16,0,0,1
BRDA:16,0,1,3
BRDA:17,1,0,4
BRDA:17,1,1,3
BRDA:17,1,2,3
BRDA:17,1,3,3
BRDA:17,1,4,3
BRF:7
BRH:7
end_of_record
TN:
SF:src/interfaces/ICoordenador.ts
FN:13,(anonymous_0)
FN:25,(anonymous_1)
FN:32,(anonymous_2)
FN:37,(anonymous_3)
FN:41,(anonymous_4)
FNF:5
FNH:5
FNDA:4,(anonymous_0)
FNDA:3,(anonymous_1)
FNDA:3,(anonymous_2)
FNDA:2,(anonymous_3)
FNDA:2,(anonymous_4)
DA:12,5
DA:14,4
DA:21,1
DA:23,3
DA:26,3
DA:30,3
DA:33,3
DA:34,3
DA:35,3
DA:38,2
DA:39,2
DA:42,2
DA:43,2
LF:13
LH:13
BRDA:14,0,0,1
BRDA:14,0,1,3
BRDA:15,1,0,4
BRDA:15,1,1,3
BRDA:15,1,2,3
BRDA:15,1,3,3
BRDA:15,1,4,3
BRF:7
BRH:7
end_of_record
TN:
SF:src/interfaces/IEstagio.ts
FN:9,(anonymous_0)
FN:15,(anonymous_1)
FN:19,(anonymous_2)
FN:24,(anonymous_3)
FN:28,(anonymous_4)
FNF:5
FNH:5
FNDA:3,(anonymous_0)
FNDA:2,(anonymous_1)
FNDA:2,(anonymous_2)
FNDA:1,(anonymous_3)
FNDA:1,(anonymous_4)
DA:8,5
DA:10,3
DA:11,1
DA:13,2
DA:16,2
DA:17,2
DA:20,2
DA:21,2
DA:22,2
DA:25,1
DA:26,1
DA:29,1
DA:30,1
LF:13
LH:13
BRDA:10,0,0,1
BRDA:10,0,1,2
BRF:2
BRH:2
end_of_record
TN:
SF:src/interfaces/IPreceptor.ts
FN:13,(anonymous_0)
FN:25,(anonymous_1)
FN:32,(anonymous_2)
FN:37,(anonymous_3)
FN:41,(anonymous_4)
FNF:5
FNH:5
FNDA:4,(anonymous_0)
FNDA:3,(anonymous_1)
FNDA:3,(anonymous_2)
FNDA:2,(anonymous_3)
FNDA:2,(anonymous_4)
DA:12,5
DA:14,4
DA:21,1
DA:23,3
DA:26,3
DA:30,3
DA:33,3
DA:34,3
DA:35,3
DA:38,2
DA:39,2
DA:42,2
DA:43,2
LF:13
LH:13
BRDA:14,0,0,1
BRDA:14,0,1,3
BRDA:15,1,0,4
BRDA:15,1,1,3
BRDA:15,1,2,3
BRDA:15,1,3,3
BRDA:15,1,4,3
BRF:7
BRH:7
end_of_record
TN:
SF:src/interfaces/IToken.ts
FNF:0
FNH:0
DA:7,5
LF:1
LH:1
BRF:0
BRH:0
end_of_record
TN:
SF:src/middleware/middlewareJwt.ts
FN:6,acessoApi
FNF:1
FNH:1
FNDA:4,acessoApi
DA:7,4
DA:8,4
DA:9,4
DA:10,3
DA:11,2
DA:12,2
DA:13,2
DA:14,1
DA:15,1
DA:17,1
DA:20,1
LF:11
LH:11
BRDA:9,0,0,1
BRDA:9,0,1,3
BRDA:13,1,0,1
BRDA:13,1,1,1
BRF:4
BRH:4
end_of_record
TN:
SF:src/routes/api/apiV1.ts
FNF:0
FNH:0
DA:9,5
DA:12,5
DA:13,5
DA:14,5
DA:15,5
DA:18,5
DA:19,5
DA:20,5
DA:21,5
DA:24,5
DA:25,5
DA:26,5
DA:27,5
DA:30,5
DA:31,5
DA:32,5
DA:33,5
DA:36,5
DA:37,5
LF:19
LH:19
BRF:0
BRH:0
end_of_record
